Build started 18/05/2014 11:56:12.
     1>Project "D:\Documents\DropBox\Dropbox\University Work\Year 3\CSC3095 Project\Program\S3Project\S3 Project\S3 Project\OpenGLGraphics.vcxproj" on node 2 (build target(s)).
     1>InitializeBuildStatus:
         Creating "Release\S3Project.unsuccessfulbuild" because "AlwaysCreate" was specified.
       ClCompile:
         C:\Program Files (x86)\Microsoft Visual Studio 10.0\VC\bin\CL.exe /c /I"D:\Program Files\Boost\boost_1_55_0" /Zi /nologo /W3 /WX- /O2 /Oi /Oy- /GL /D _MBCS /Gm- /EHsc /MD /GS /Gy /fp:precise /Zc:wchar_t /Zc:forScope /Fo"Release\\" /Fd"Release\vc100.pdb" /Gd /TP /analyze- /errorReport:prompt Circle.cpp FreqCircle.cpp FrequencyAnalysis.cpp HealthHUD.cpp InputHandler.cpp Mesh.cpp RenderObject.cpp main.cpp Settings.cpp Shader.cpp Shape.cpp SRenderer.cpp
         Circle.cpp
         FreqCircle.cpp
     1>d:\documents\dropbox\dropbox\university work\year 3\csc3095 project\program\s3project\s3 project\s3 project\InputHandler.h(18): warning C4018: '>' : signed/unsigned mismatch
         FrequencyAnalysis.cpp
         HealthHUD.cpp
     1>d:\documents\dropbox\dropbox\university work\year 3\csc3095 project\program\s3project\s3 project\s3 project\InputHandler.h(18): warning C4018: '>' : signed/unsigned mismatch
         InputHandler.cpp
     1>d:\documents\dropbox\dropbox\university work\year 3\csc3095 project\program\s3project\s3 project\s3 project\InputHandler.h(18): warning C4018: '>' : signed/unsigned mismatch
         Mesh.cpp
         RenderObject.cpp
         main.cpp
     1>d:\documents\dropbox\dropbox\university work\year 3\csc3095 project\program\s3project\s3 project\s3 project\InputHandler.h(18): warning C4018: '>' : signed/unsigned mismatch
         Settings.cpp
         Shader.cpp
         Shape.cpp
         SRenderer.cpp
       Link:
         C:\Program Files (x86)\Microsoft Visual Studio 10.0\VC\bin\link.exe /ERRORREPORT:PROMPT /OUT:"D:\Documents\DropBox\Dropbox\University Work\Year 3\CSC3095 Project\Program\S3Project\S3 Project\S3 Project\Release\S3Project.exe" /NOLOGO /LIBPATH:"D:\Program Files\Boost\boost_1_55_0\lib32-msvc-10.0" fmodex_vc.lib nclgl.lib glew32.lib opengl32.lib "sfml-audio.lib" "sfml-graphics.lib" "sfml-main.lib" "sfml-system.lib" "sfml-window.lib" kernel32.lib user32.lib gdi32.lib winspool.lib comdlg32.lib advapi32.lib shell32.lib ole32.lib oleaut32.lib uuid.lib odbc32.lib odbccp32.lib /MANIFEST /ManifestFile:"Release\S3Project.exe.intermediate.manifest" /MANIFESTUAC:"level='asInvoker' uiAccess='false'" /DEBUG /PDB:"D:\Documents\DropBox\Dropbox\University Work\Year 3\CSC3095 Project\Program\S3Project\S3 Project\S3 Project\Release\S3Project.pdb" /SUBSYSTEM:CONSOLE /OPT:REF /OPT:ICF /LTCG /TLBID:1 /DYNAMICBASE /NXCOMPAT /IMPLIB:"D:\Documents\DropBox\Dropbox\University Work\Year 3\CSC3095 Project\Program\S3Project\S3 Project\S3 Project\Release\S3Project.lib" /MACHINE:X86 Release\Circle.obj
         Release\FreqCircle.obj
         Release\FrequencyAnalysis.obj
         Release\HealthHUD.obj
         Release\InputHandler.obj
         Release\Mesh.obj
         Release\RenderObject.obj
         Release\main.obj
         Release\Settings.obj
         Release\Shader.obj
         Release\Shape.obj
         Release\SRenderer.obj
         Generating code
         Finished generating code
         OpenGLGraphics.vcxproj -> D:\Documents\DropBox\Dropbox\University Work\Year 3\CSC3095 Project\Program\S3Project\S3 Project\S3 Project\Release\S3Project.exe
       Manifest:
         C:\Program Files (x86)\Microsoft SDKs\Windows\v7.0A\bin\mt.exe /nologo /verbose /outputresource:"D:\Documents\DropBox\Dropbox\University Work\Year 3\CSC3095 Project\Program\S3Project\S3 Project\S3 Project\Release\S3Project.exe;#1" /manifest Release\S3Project.exe.intermediate.manifest
       FinalizeBuildStatus:
         Deleting file "Release\S3Project.unsuccessfulbuild".
         Touching "Release\S3Project.lastbuildstate".
     1>Done Building Project "D:\Documents\DropBox\Dropbox\University Work\Year 3\CSC3095 Project\Program\S3Project\S3 Project\S3 Project\OpenGLGraphics.vcxproj" (build target(s)).

Build succeeded.

Time Elapsed 00:00:12.07
