Build started 12/05/2014 12:41:29.
     1>Project "D:\Documents\DropBox\Dropbox\University Work\Year 3\CSC3095 Project\Program\S3Project\gamedev starter\openglgraphics\OpenGLGraphics.vcxproj" on node 2 (build target(s)).
     1>InitializeBuildStatus:
         Creating "Debug\S3Project.unsuccessfulbuild" because "AlwaysCreate" was specified.
       ClCompile:
         C:\Program Files (x86)\Microsoft Visual Studio 10.0\VC\bin\CL.exe /c /I"D:\Program Files\Boost\boost_1_55_0" /ZI /nologo /W3 /WX- /Od /Oy- /D _MBCS /Gm /EHsc /RTC1 /MDd /GS /fp:precise /Zc:wchar_t /Zc:forScope /Fo"Debug\\" /Fd"Debug\vc100.pdb" /Gd /TP /analyze- /errorReport:prompt FreqCircle.cpp HealthHUD.cpp InputHandler.cpp main.cpp
         HealthHUD.cpp
     1>d:\documents\dropbox\dropbox\university work\year 3\csc3095 project\program\s3project\gamedev starter\openglgraphics\inputhandler.h(18): warning C4018: '>' : signed/unsigned mismatch
         Generating Code...
         Compiling...
         FreqCircle.cpp
     1>d:\documents\dropbox\dropbox\university work\year 3\csc3095 project\program\s3project\gamedev starter\openglgraphics\inputhandler.h(18): warning C4018: '>' : signed/unsigned mismatch
         Generating Code...
         Skipping... (no relevant changes detected)
         main.cpp
         InputHandler.cpp
       Link:
         C:\Program Files (x86)\Microsoft Visual Studio 10.0\VC\bin\link.exe /ERRORREPORT:PROMPT /OUT:"D:\Documents\DropBox\Dropbox\University Work\Year 3\CSC3095 Project\Program\S3Project\gamedev starter\openglgraphics\Debug\S3Project.exe" /NOLOGO /LIBPATH:"D:\Program Files\Boost\boost_1_55_0\lib32-msvc-10.0" fmodex_vc.lib nclgl.lib glew32.lib opengl32.lib "sfml-audio-d.lib" "sfml-graphics-d.lib" "sfml-main-d.lib" "sfml-system-d.lib" "sfml-window-d.lib" kernel32.lib user32.lib gdi32.lib winspool.lib comdlg32.lib advapi32.lib shell32.lib ole32.lib oleaut32.lib uuid.lib odbc32.lib odbccp32.lib /MANIFEST /ManifestFile:"Debug\S3Project.exe.intermediate.manifest" /MANIFESTUAC:"level='asInvoker' uiAccess='false'" /DEBUG /PDB:"D:\Documents\DropBox\Dropbox\University Work\Year 3\CSC3095 Project\Program\S3Project\gamedev starter\openglgraphics\Debug\S3Project.pdb" /SUBSYSTEM:CONSOLE /TLBID:1 /DYNAMICBASE /NXCOMPAT /IMPLIB:"D:\Documents\DropBox\Dropbox\University Work\Year 3\CSC3095 Project\Program\S3Project\gamedev starter\openglgraphics\Debug\S3Project.lib" /MACHINE:X86 Debug\Circle.obj
         Debug\FreqCircle.obj
         Debug\FrequencyAnalysis.obj
         Debug\HealthHUD.obj
         Debug\InputHandler.obj
         Debug\Mesh.obj
         Debug\RenderObject.obj
         Debug\main.obj
         Debug\Settings.obj
         Debug\Shader.obj
         Debug\Shape.obj
         Debug\SRenderer.obj
         OpenGLGraphics.vcxproj -> D:\Documents\DropBox\Dropbox\University Work\Year 3\CSC3095 Project\Program\S3Project\gamedev starter\openglgraphics\Debug\S3Project.exe
       Manifest:
         C:\Program Files (x86)\Microsoft SDKs\Windows\v7.0A\bin\mt.exe /nologo /verbose /outputresource:"D:\Documents\DropBox\Dropbox\University Work\Year 3\CSC3095 Project\Program\S3Project\gamedev starter\openglgraphics\Debug\S3Project.exe;#1" /manifest Debug\S3Project.exe.intermediate.manifest
       FinalizeBuildStatus:
         Deleting file "Debug\S3Project.unsuccessfulbuild".
         Touching "Debug\S3Project.lastbuildstate".
     1>Done Building Project "D:\Documents\DropBox\Dropbox\University Work\Year 3\CSC3095 Project\Program\S3Project\gamedev starter\openglgraphics\OpenGLGraphics.vcxproj" (build target(s)).

Build succeeded.

Time Elapsed 00:00:03.03
