D:\DOCUMENTS\DROPBOX\DROPBOX\UNIVERSITY WORK\YEAR 3\CSC3095 PROJECT\PROGRAM\S3PROJECT\GAMEDEV STARTER\OPENGLGRAPHICS\DEBUG\CIRCLE.OBJ
D:\Documents\DropBox\Dropbox\University Work\Year 3\CSC3095 Project\Program\S3Project\Gamedev Starter\OpenGLGraphics\Debug\cl.command.1.tlog
D:\Documents\DropBox\Dropbox\University Work\Year 3\CSC3095 Project\Program\S3Project\Gamedev Starter\OpenGLGraphics\Debug\CL.read.1.tlog
D:\Documents\DropBox\Dropbox\University Work\Year 3\CSC3095 Project\Program\S3Project\Gamedev Starter\OpenGLGraphics\Debug\CL.write.1.tlog
D:\DOCUMENTS\DROPBOX\DROPBOX\UNIVERSITY WORK\YEAR 3\CSC3095 PROJECT\PROGRAM\S3PROJECT\GAMEDEV STARTER\OPENGLGRAPHICS\DEBUG\FREQCIRCLE.OBJ
D:\DOCUMENTS\DROPBOX\DROPBOX\UNIVERSITY WORK\YEAR 3\CSC3095 PROJECT\PROGRAM\S3PROJECT\GAMEDEV STARTER\OPENGLGRAPHICS\DEBUG\FREQUENCYANALYSIS.OBJ
D:\DOCUMENTS\DROPBOX\DROPBOX\UNIVERSITY WORK\YEAR 3\CSC3095 PROJECT\PROGRAM\S3PROJECT\GAMEDEV STARTER\OPENGLGRAPHICS\DEBUG\HEALTHHUD.OBJ
D:\DOCUMENTS\DROPBOX\DROPBOX\UNIVERSITY WORK\YEAR 3\CSC3095 PROJECT\PROGRAM\S3PROJECT\GAMEDEV STARTER\OPENGLGRAPHICS\DEBUG\INPUTHANDLER.OBJ
D:\Documents\DropBox\Dropbox\University Work\Year 3\CSC3095 Project\Program\S3Project\Gamedev Starter\OpenGLGraphics\Debug\link.command.1.tlog
D:\Documents\DropBox\Dropbox\University Work\Year 3\CSC3095 Project\Program\S3Project\Gamedev Starter\OpenGLGraphics\Debug\link.read.1.tlog
D:\Documents\DropBox\Dropbox\University Work\Year 3\CSC3095 Project\Program\S3Project\Gamedev Starter\OpenGLGraphics\Debug\link.write.1.tlog
D:\DOCUMENTS\DROPBOX\DROPBOX\UNIVERSITY WORK\YEAR 3\CSC3095 PROJECT\PROGRAM\S3PROJECT\GAMEDEV STARTER\OPENGLGRAPHICS\DEBUG\MAIN.OBJ
D:\DOCUMENTS\DROPBOX\DROPBOX\UNIVERSITY WORK\YEAR 3\CSC3095 PROJECT\PROGRAM\S3PROJECT\GAMEDEV STARTER\OPENGLGRAPHICS\DEBUG\MESH.OBJ
D:\Documents\DropBox\Dropbox\University Work\Year 3\CSC3095 Project\Program\S3Project\Gamedev Starter\OpenGLGraphics\Debug\mt.command.1.tlog
D:\Documents\DropBox\Dropbox\University Work\Year 3\CSC3095 Project\Program\S3Project\Gamedev Starter\OpenGLGraphics\Debug\mt.read.1.tlog
D:\Documents\DropBox\Dropbox\University Work\Year 3\CSC3095 Project\Program\S3Project\Gamedev Starter\OpenGLGraphics\Debug\mt.write.1.tlog
D:\Documents\DropBox\Dropbox\University Work\Year 3\CSC3095 Project\Program\S3Project\Gamedev Starter\OpenGLGraphics\Debug\OpenGLGraphics.vcxprojResolveAssemblyReference.cache
D:\DOCUMENTS\DROPBOX\DROPBOX\UNIVERSITY WORK\YEAR 3\CSC3095 PROJECT\PROGRAM\S3PROJECT\GAMEDEV STARTER\OPENGLGRAPHICS\DEBUG\RENDEROBJECT.OBJ
D:\DOCUMENTS\DROPBOX\DROPBOX\UNIVERSITY WORK\YEAR 3\CSC3095 PROJECT\PROGRAM\S3PROJECT\GAMEDEV STARTER\OPENGLGRAPHICS\DEBUG\S3PROJECT.EXE
D:\Documents\DropBox\Dropbox\University Work\Year 3\CSC3095 Project\Program\S3Project\Gamedev Starter\OpenGLGraphics\Debug\S3Project.exe.intermediate.manifest
D:\Documents\DropBox\Dropbox\University Work\Year 3\CSC3095 Project\Program\S3Project\Gamedev Starter\OpenGLGraphics\Debug\S3Project.pdb
D:\Documents\DropBox\Dropbox\University Work\Year 3\CSC3095 Project\Program\S3Project\Gamedev Starter\OpenGLGraphics\Debug\S3Project.write.1.tlog
D:\DOCUMENTS\DROPBOX\DROPBOX\UNIVERSITY WORK\YEAR 3\CSC3095 PROJECT\PROGRAM\S3PROJECT\GAMEDEV STARTER\OPENGLGRAPHICS\DEBUG\SHADER.OBJ
D:\DOCUMENTS\DROPBOX\DROPBOX\UNIVERSITY WORK\YEAR 3\CSC3095 PROJECT\PROGRAM\S3PROJECT\GAMEDEV STARTER\OPENGLGRAPHICS\DEBUG\SHAPE.OBJ
D:\DOCUMENTS\DROPBOX\DROPBOX\UNIVERSITY WORK\YEAR 3\CSC3095 PROJECT\PROGRAM\S3PROJECT\GAMEDEV STARTER\OPENGLGRAPHICS\DEBUG\SRENDERER.OBJ
D:\Documents\DropBox\Dropbox\University Work\Year 3\CSC3095 Project\Program\S3Project\Gamedev Starter\OpenGLGraphics\Debug\vc100.idb
D:\DOCUMENTS\DROPBOX\DROPBOX\UNIVERSITY WORK\YEAR 3\CSC3095 PROJECT\PROGRAM\S3PROJECT\GAMEDEV STARTER\OPENGLGRAPHICS\DEBUG\VC100.PDB
